<?xml version="1.0" encoding="UTF-8"?>
<!-- Generated by org.testng.reporters.JUnitReportReporter -->
<testsuite skipped="0" hostname="DESKTOP-79ICIPC" name="xpathExamples.XpathAxes" tests="1" failures="0" timestamp="24 Nov 2020 21:40:38 GMT" time="27.938" errors="0">
  <testcase name="rowValue" time="27.938" classname="xpathExamples.XpathAxes"/>
</testsuite> <!-- xpathExamples.XpathAxes -->
