<?xml version="1.0" encoding="UTF-8"?>
<!-- Generated by org.testng.reporters.JUnitReportReporter -->
<testsuite skipped="0" hostname="DESKTOP-79ICIPC" name="syncronization.ExplicitWait2" tests="1" failures="0" timestamp="19 Nov 2020 03:19:28 GMT" time="24.373" errors="0">
  <testcase name="explicitwait" time="24.373" classname="syncronization.ExplicitWait2"/>
</testsuite> <!-- syncronization.ExplicitWait2 -->
